<?xml version="1.0" encoding="UTF-8"?>
<!-- Generated by org.testng.reporters.JUnitXMLReporter -->
<testsuite hostname="Surajk-PC" ignored="0" name="BankingApp test" tests="1" failures="1" timestamp="27 Jan 2019 07:55:17 GMT" time="97.093" errors="0">
  <testcase name="loginTest" time="20.132" classname="com.inetBanking.testCases.TC01">
    <failure type="java.lang.AssertionError" message="expected [true] but found [false]">
      <![CDATA[java.lang.AssertionError: expected [true] but found [false]
at com.inetBanking.testCases.TC01.loginTest(TC01.java:30)
... Removed 29 stack frames]]>
    </failure>
  </testcase> <!-- loginTest -->
</testsuite> <!-- BankingApp test -->
